#
# There is insufficient memory for the Java Runtime Environment to continue.
# Native memory allocation (malloc) failed to allocate 209712 bytes for Chunk::new
# Possible reasons:
#   The system is out of physical RAM or swap space
#   In 32 bit mode, the process size limit was hit
# Possible solutions:
#   Reduce memory load on the system
#   Increase physical memory or swap space
#   Check if swap backing store is full
#   Use 64 bit Java on a 64 bit OS
#   Decrease Java heap size (-Xmx/-Xms)
#   Decrease number of Java threads
#   Decrease Java thread stack sizes (-Xss)
#   Set larger code cache with -XX:ReservedCodeCacheSize=
# This output file may be truncated or incomplete.
#
#  Out of Memory Error (allocation.cpp:390), pid=21704, tid=0x0000000000001814
#
# JRE version: Java(TM) SE Runtime Environment (8.0_131-b11) (build 1.8.0_131-b11)
# Java VM: Java HotSpot(TM) 64-Bit Server VM (25.131-b11 mixed mode windows-amd64 compressed oops)
# Failed to write core dump. Minidumps are not enabled by default on client versions of Windows
#

---------------  T H R E A D  ---------------

Current thread (0x0000000016b1c800):  JavaThread "C2 CompilerThread0" daemon [_thread_in_native, id=6164, stack(0x0000000018260000,0x0000000018360000)]

Stack: [0x0000000018260000,0x0000000018360000]
[error occurred during error reporting (printing stack bounds), id 0xc0000005]

Native frames: (J=compiled Java code, j=interpreted, Vv=VM code, C=native code)


Current CompileTask:
C2:  14246 2343   !   4       java.net.URLClassLoader$1::run (63 bytes)


---------------  P R O C E S S  ---------------

Java Threads: ( => current thread )
  0x0000000019db2000 JavaThread "Cache worker for execution history cache (C:\Users\hp\.gradle\caches\5.4.1\executionHistory)" [_thread_blocked, id=18924, stack(0x0000000020830000,0x0000000020930000)]
  0x0000000019db1800 JavaThread "Cache worker for cache directory md-rule (C:\Users\hp\.gradle\caches\5.4.1\md-rule)" [_thread_blocked, id=22056, stack(0x0000000020730000,0x0000000020830000)]
  0x0000000019db0000 JavaThread "Cache worker for cache directory md-supplier (C:\Users\hp\.gradle\caches\5.4.1\md-supplier)" [_thread_blocked, id=4632, stack(0x0000000020630000,0x0000000020730000)]
  0x0000000019db0800 JavaThread "Cache worker for file hash cache (D:\INDEPAY\Indepay_New_KT_session\sdk\PspApp\.gradle\5.4.1\fileHashes)" [_thread_blocked, id=21588, stack(0x000000001dd40000,0x000000001de40000)]
  0x0000000019db5000 JavaThread "Cache worker for journal cache (C:\Users\hp\.gradle\caches\journal-1)" [_thread_blocked, id=11232, stack(0x000000001b8a0000,0x000000001b9a0000)]
  0x0000000019daf000 JavaThread "File lock request listener" [_thread_in_native, id=20872, stack(0x000000001b6a0000,0x000000001b7a0000)]
  0x0000000019db4800 JavaThread "Cache worker for file hash cache (C:\Users\hp\.gradle\caches\5.4.1\fileHashes)" [_thread_blocked, id=11844, stack(0x000000001b5a0000,0x000000001b6a0000)]
  0x00000000199b7000 JavaThread "Thread-9" [_thread_blocked, id=22804, stack(0x000000001b4a0000,0x000000001b5a0000)]
  0x00000000199fa800 JavaThread "Stdin handler" [_thread_blocked, id=16508, stack(0x000000001b3a0000,0x000000001b4a0000)]
  0x00000000199af800 JavaThread "Asynchronous log dispatcher for DefaultDaemonConnection: socket connection from /127.0.0.1:56510 to /127.0.0.1:56511" [_thread_blocked, id=19708, stack(0x000000001b2a0000,0x000000001b3a0000)]
  0x00000000199b4000 JavaThread "Daemon worker" [_thread_in_native, id=15396, stack(0x000000001b1a0000,0x000000001b2a0000)]
  0x00000000199b2800 JavaThread "Cancel handler" [_thread_blocked, id=21864, stack(0x000000001b0a0000,0x000000001b1a0000)]
  0x0000000019bcc800 JavaThread "Handler for socket connection from /127.0.0.1:56510 to /127.0.0.1:56511" [_thread_in_native, id=17968, stack(0x000000001ada0000,0x000000001aea0000)]
  0x0000000019bcc000 JavaThread "Daemon" [_thread_blocked, id=19512, stack(0x000000001aca0000,0x000000001ada0000)]
  0x0000000019bab800 JavaThread "Daemon periodic checks" [_thread_blocked, id=2944, stack(0x000000001aba0000,0x000000001aca0000)]
  0x0000000019e32000 JavaThread "Incoming local TCP Connector on port 56510" [_thread_in_native, id=13004, stack(0x000000001a970000,0x000000001aa70000)]
  0x0000000019801000 JavaThread "Daemon health stats" [_thread_blocked, id=20220, stack(0x000000001a330000,0x000000001a430000)]
  0x0000000018580800 JavaThread "Service Thread" daemon [_thread_blocked, id=22184, stack(0x0000000018960000,0x0000000018a60000)]
  0x0000000016b25000 JavaThread "C1 CompilerThread2" daemon [_thread_blocked, id=1140, stack(0x0000000018460000,0x0000000018560000)]
  0x0000000016b22000 JavaThread "C2 CompilerThread1" daemon [_thread_in_native, id=12572, stack(0x0000000018360000,0x0000000018460000)]
=>0x0000000016b1c800 JavaThread "C2 CompilerThread0" daemon [_thread_in_native, id=6164, stack(0x0000000018260000,0x0000000018360000)]
  0x0000000016b1a800 JavaThread "Attach Listener" daemon [_thread_blocked, id=21400, stack(0x0000000018160000,0x0000000018260000)]
  0x0000000016b19800 JavaThread "Signal Dispatcher" daemon [_thread_blocked, id=6748, stack(0x0000000018060000,0x0000000018160000)]
  0x0000000016b0a800 JavaThread "Finalizer" daemon [_thread_blocked, id=11124, stack(0x0000000017d70000,0x0000000017e70000)]
  0x0000000016ae9000 JavaThread "Reference Handler" daemon [_thread_blocked, id=6788, stack(0x0000000017c70000,0x0000000017d70000)]
  0x00000000030b0800 JavaThread "main" [_thread_blocked, id=20960, stack(0x0000000002ee0000,0x0000000002fe0000)]

Other Threads:
  0x0000000016ae8000 VMThread [stack: 0x0000000017b70000,0x0000000017c70000] [id=19768]
  0x0000000018595000 WatcherThread [stack: 0x0000000018a60000,0x0000000018b60000] [id=4684]

VM state:not at safepoint (normal execution)

VM Mutex/Monitor currently owned by a thread: None

Heap:
 PSYoungGen      total 77312K, used 40068K [0x00000000e0000000, 0x00000000e8680000, 0x0000000100000000)
  eden space 66560K, 48% used [0x00000000e0000000,0x00000000e1f67240,0x00000000e4100000)
  from space 10752K, 73% used [0x00000000e4100000,0x00000000e48b9ed0,0x00000000e4b80000)
  to   space 10752K, 0% used [0x00000000e7c00000,0x00000000e7c00000,0x00000000e8680000)
 ParOldGen       total 58368K, used 11380K [0x00000000a0000000, 0x00000000a3900000, 0x00000000e0000000)
  object space 58368K, 19% used [0x00000000a0000000,0x00000000a0b1d280,0x00000000a3900000)
 Metaspace       used 30525K, capacity 31020K, committed 31232K, reserved 1075200K
  class space    used 4341K, capacity 4537K, committed 4608K, reserved 1048576K

Card table byte_map: [0x0000000012570000,0x0000000012880000] byte_map_base: 0x0000000012070000

Marking Bits: (ParMarkBitMap*) 0x0000000053f2c720
 Begin Bits: [0x0000000012e80000, 0x0000000014680000)
 End Bits:   [0x0000000014680000, 0x0000000015e80000)

Polling page: 0x00000000011e0000

CodeCache: size=245760Kb used=9191Kb max_used=9191Kb free=236568Kb
 bounds [0x00000000031b0000, 0x0000000003ab0000, 0x00000000121b0000]
 total_blobs=3100 nmethods=2423 adapters=589
 compilation: enabled

Compilation events (10 events):
Event: 14.118 Thread 0x0000000016b25000 2426       3       org.gradle.internal.time.TimeSource$1::nanoTime (4 bytes)
Event: 14.118 Thread 0x0000000016b25000 nmethod 2426 0x0000000003aab350 code [0x0000000003aab4a0, 0x0000000003aab610]
Event: 14.118 Thread 0x0000000016b25000 2427       1       org.gradle.internal.operations.BuildOperationDescriptor::getId (5 bytes)
Event: 14.118 Thread 0x0000000016b25000 nmethod 2427 0x0000000003aab690 code [0x0000000003aab7e0, 0x0000000003aab8f0]
Event: 14.118 Thread 0x0000000016b25000 2428       3       com.google.common.cache.LocalCache::segmentFor (17 bytes)
Event: 14.119 Thread 0x0000000016b25000 nmethod 2428 0x0000000003aab950 code [0x0000000003aabaa0, 0x0000000003aabc30]
Event: 14.119 Thread 0x0000000016b25000 2429       3       com.google.common.cache.LocalCache$Segment::postReadCleanup (18 bytes)
Event: 14.119 Thread 0x0000000016b25000 nmethod 2429 0x0000000003aabd10 code [0x0000000003aabee0, 0x0000000003aac6c8]
Event: 14.119 Thread 0x0000000016b25000 2430       3       com.google.common.cache.LocalCache::rehash (49 bytes)
Event: 14.119 Thread 0x0000000016b25000 nmethod 2430 0x0000000003aaca10 code [0x0000000003aacb60, 0x0000000003aaccd0]

GC Heap History (10 events):
Event: 2.982 GC heap before
{Heap before GC invocations=4 (full 0):
 PSYoungGen      total 38400K, used 38391K [0x00000000e0000000, 0x00000000e2a80000, 0x0000000100000000)
  eden space 33280K, 100% used [0x00000000e0000000,0x00000000e2080000,0x00000000e2080000)
  from space 5120K, 99% used [0x00000000e2080000,0x00000000e257dc20,0x00000000e2580000)
  to   space 5120K, 0% used [0x00000000e2580000,0x00000000e2580000,0x00000000e2a80000)
 ParOldGen       total 87552K, used 1974K [0x00000000a0000000, 0x00000000a5580000, 0x00000000e0000000)
  object space 87552K, 2% used [0x00000000a0000000,0x00000000a01ed828,0x00000000a5580000)
 Metaspace       used 16437K, capacity 16796K, committed 16896K, reserved 1062912K
  class space    used 2407K, capacity 2554K, committed 2560K, reserved 1048576K
Event: 3.005 GC heap after
Heap after GC invocations=4 (full 0):
 PSYoungGen      total 38400K, used 5104K [0x00000000e0000000, 0x00000000e4b00000, 0x0000000100000000)
  eden space 33280K, 0% used [0x00000000e0000000,0x00000000e0000000,0x00000000e2080000)
  from space 5120K, 99% used [0x00000000e2580000,0x00000000e2a7c030,0x00000000e2a80000)
  to   space 5120K, 0% used [0x00000000e2080000,0x00000000e2080000,0x00000000e2580000)
 ParOldGen       total 87552K, used 5047K [0x00000000a0000000, 0x00000000a5580000, 0x00000000e0000000)
  object space 87552K, 5% used [0x00000000a0000000,0x00000000a04edd60,0x00000000a5580000)
 Metaspace       used 16437K, capacity 16796K, committed 16896K, reserved 1062912K
  class space    used 2407K, capacity 2554K, committed 2560K, reserved 1048576K
}
Event: 11.820 GC heap before
{Heap before GC invocations=5 (full 0):
 PSYoungGen      total 38400K, used 38384K [0x00000000e0000000, 0x00000000e4b00000, 0x0000000100000000)
  eden space 33280K, 100% used [0x00000000e0000000,0x00000000e2080000,0x00000000e2080000)
  from space 5120K, 99% used [0x00000000e2580000,0x00000000e2a7c030,0x00000000e2a80000)
  to   space 5120K, 0% used [0x00000000e2080000,0x00000000e2080000,0x00000000e2580000)
 ParOldGen       total 87552K, used 5047K [0x00000000a0000000, 0x00000000a5580000, 0x00000000e0000000)
  object space 87552K, 5% used [0x00000000a0000000,0x00000000a04edd60,0x00000000a5580000)
 Metaspace       used 19207K, capacity 19712K, committed 19968K, reserved 1067008K
  class space    used 2857K, capacity 3034K, committed 3072K, reserved 1048576K
Event: 11.829 GC heap after
Heap after GC invocations=5 (full 0):
 PSYoungGen      total 38400K, used 5104K [0x00000000e0000000, 0x00000000e5700000, 0x0000000100000000)
  eden space 33280K, 0% used [0x00000000e0000000,0x00000000e0000000,0x00000000e2080000)
  from space 5120K, 99% used [0x00000000e2080000,0x00000000e257c040,0x00000000e2580000)
  to   space 11264K, 0% used [0x00000000e4c00000,0x00000000e4c00000,0x00000000e5700000)
 ParOldGen       total 87552K, used 9549K [0x00000000a0000000, 0x00000000a5580000, 0x00000000e0000000)
  object space 87552K, 10% used [0x00000000a0000000,0x00000000a09535a0,0x00000000a5580000)
 Metaspace       used 19207K, capacity 19712K, committed 19968K, reserved 1067008K
  class space    used 2857K, capacity 3034K, committed 3072K, reserved 1048576K
}
Event: 12.353 GC heap before
{Heap before GC invocations=6 (full 0):
 PSYoungGen      total 38400K, used 17557K [0x00000000e0000000, 0x00000000e5700000, 0x0000000100000000)
  eden space 33280K, 37% used [0x00000000e0000000,0x00000000e0c295e0,0x00000000e2080000)
  from space 5120K, 99% used [0x00000000e2080000,0x00000000e257c040,0x00000000e2580000)
  to   space 11264K, 0% used [0x00000000e4c00000,0x00000000e4c00000,0x00000000e5700000)
 ParOldGen       total 87552K, used 9549K [0x00000000a0000000, 0x00000000a5580000, 0x00000000e0000000)
  object space 87552K, 10% used [0x00000000a0000000,0x00000000a09535a0,0x00000000a5580000)
 Metaspace       used 20641K, capacity 21166K, committed 21248K, reserved 1067008K
  class space    used 3069K, capacity 3262K, committed 3328K, reserved 1048576K
Event: 12.362 GC heap after
Heap after GC invocations=6 (full 0):
 PSYoungGen      total 76800K, used 6930K [0x00000000e0000000, 0x00000000e5600000, 0x0000000100000000)
  eden space 66560K, 0% used [0x00000000e0000000,0x00000000e0000000,0x00000000e4100000)
  from space 10240K, 67% used [0x00000000e4c00000,0x00000000e52c4b70,0x00000000e5600000)
  to   space 10752K, 0% used [0x00000000e4100000,0x00000000e4100000,0x00000000e4b80000)
 ParOldGen       total 87552K, used 9557K [0x00000000a0000000, 0x00000000a5580000, 0x00000000e0000000)
  object space 87552K, 10% used [0x00000000a0000000,0x00000000a09555a0,0x00000000a5580000)
 Metaspace       used 20641K, capacity 21166K, committed 21248K, reserved 1067008K
  class space    used 3069K, capacity 3262K, committed 3328K, reserved 1048576K
}
Event: 12.362 GC heap before
{Heap before GC invocations=7 (full 1):
 PSYoungGen      total 76800K, used 6930K [0x00000000e0000000, 0x00000000e5600000, 0x0000000100000000)
  eden space 66560K, 0% used [0x00000000e0000000,0x00000000e0000000,0x00000000e4100000)
  from space 10240K, 67% used [0x00000000e4c00000,0x00000000e52c4b70,0x00000000e5600000)
  to   space 10752K, 0% used [0x00000000e4100000,0x00000000e4100000,0x00000000e4b80000)
 ParOldGen       total 87552K, used 9557K [0x00000000a0000000, 0x00000000a5580000, 0x00000000e0000000)
  object space 87552K, 10% used [0x00000000a0000000,0x00000000a09555a0,0x00000000a5580000)
 Metaspace       used 20641K, capacity 21166K, committed 21248K, reserved 1067008K
  class space    used 3069K, capacity 3262K, committed 3328K, reserved 1048576K
Event: 12.419 GC heap after
Heap after GC invocations=7 (full 1):
 PSYoungGen      total 76800K, used 0K [0x00000000e0000000, 0x00000000e5600000, 0x0000000100000000)
  eden space 66560K, 0% used [0x00000000e0000000,0x00000000e0000000,0x00000000e4100000)
  from space 10240K, 0% used [0x00000000e4c00000,0x00000000e4c00000,0x00000000e5600000)
  to   space 10752K, 0% used [0x00000000e4100000,0x00000000e4100000,0x00000000e4b80000)
 ParOldGen       total 58368K, used 11372K [0x00000000a0000000, 0x00000000a3900000, 0x00000000e0000000)
  object space 58368K, 19% used [0x00000000a0000000,0x00000000a0b1b280,0x00000000a3900000)
 Metaspace       used 20641K, capacity 21166K, committed 21248K, reserved 1067008K
  class space    used 3069K, capacity 3262K, committed 3328K, reserved 1048576K
}
Event: 13.508 GC heap before
{Heap before GC invocations=8 (full 1):
 PSYoungGen      total 76800K, used 66560K [0x00000000e0000000, 0x00000000e5600000, 0x0000000100000000)
  eden space 66560K, 100% used [0x00000000e0000000,0x00000000e4100000,0x00000000e4100000)
  from space 10240K, 0% used [0x00000000e4c00000,0x00000000e4c00000,0x00000000e5600000)
  to   space 10752K, 0% used [0x00000000e4100000,0x00000000e4100000,0x00000000e4b80000)
 ParOldGen       total 58368K, used 11372K [0x00000000a0000000, 0x00000000a3900000, 0x00000000e0000000)
  object space 58368K, 19% used [0x00000000a0000000,0x00000000a0b1b280,0x00000000a3900000)
 Metaspace       used 28590K, capacity 29110K, committed 29312K, reserved 1075200K
  class space    used 4035K, capacity 4200K, committed 4224K, reserved 1048576K
Event: 13.517 GC heap after
Heap after GC invocations=8 (full 1):
 PSYoungGen      total 77312K, used 7911K [0x00000000e0000000, 0x00000000e8680000, 0x0000000100000000)
  eden space 66560K, 0% used [0x00000000e0000000,0x00000000e0000000,0x00000000e4100000)
  from space 10752K, 73% used [0x00000000e4100000,0x00000000e48b9ed0,0x00000000e4b80000)
  to   space 10752K, 0% used [0x00000000e7c00000,0x00000000e7c00000,0x00000000e8680000)
 ParOldGen       total 58368K, used 11380K [0x00000000a0000000, 0x00000000a3900000, 0x00000000e0000000)
  object space 58368K, 19% used [0x00000000a0000000,0x00000000a0b1d280,0x00000000a3900000)
 Metaspace       used 28590K, capacity 29110K, committed 29312K, reserved 1075200K
  class space    used 4035K, capacity 4200K, committed 4224K, reserved 1048576K
}

Deoptimization events (10 events):
Event: 11.740 Thread 0x00000000199b4000 Uncommon trap: reason=unstable_if action=reinterpret pc=0x000000000347c370 method=java.util.LinkedHashMap.afterNodeInsertion(Z)V @ 1
Event: 12.249 Thread 0x00000000199b4000 Uncommon trap: reason=class_check action=maybe_recompile pc=0x0000000003386350 method=sun.misc.URLClassPath.getLoader(I)Lsun/misc/URLClassPath$Loader; @ 94
Event: 12.249 Thread 0x00000000199b4000 Uncommon trap: reason=class_check action=maybe_recompile pc=0x00000000034d31ec method=sun.misc.URLClassPath.getResource(Ljava/lang/String;Z)Lsun/misc/Resource; @ 62
Event: 12.265 Thread 0x00000000199b4000 Uncommon trap: reason=unstable_if action=reinterpret pc=0x000000000379d404 method=java.lang.ClassLoader.getClassLoadingLock(Ljava/lang/String;)Ljava/lang/Object; @ 6
Event: 12.303 Thread 0x00000000199b4000 Uncommon trap: reason=bimorphic action=maybe_recompile pc=0x00000000036ffe78 method=java.io.BufferedInputStream.read([BII)I @ 101
Event: 12.304 Thread 0x00000000199b4000 Uncommon trap: reason=bimorphic action=maybe_recompile pc=0x00000000036ffe78 method=java.io.BufferedInputStream.read([BII)I @ 101
Event: 12.304 Thread 0x00000000199b4000 Uncommon trap: reason=bimorphic action=maybe_recompile pc=0x00000000036ffe78 method=java.io.BufferedInputStream.read([BII)I @ 101
Event: 12.305 Thread 0x00000000199b4000 Uncommon trap: reason=bimorphic action=maybe_recompile pc=0x00000000036ffe78 method=java.io.BufferedInputStream.read([BII)I @ 101
Event: 13.029 Thread 0x00000000199b4000 Uncommon trap: reason=unstable_if action=reinterpret pc=0x000000000364b3a8 method=java.util.HashMap.hash(Ljava/lang/Object;)I @ 1
Event: 13.129 Thread 0x00000000199b4000 Uncommon trap: reason=unstable_if action=reinterpret pc=0x000000000343a84c method=java.io.WinNTFileSystem.resolve(Ljava/lang/String;Ljava/lang/String;)Ljava/lang/String; @ 49

Internal exceptions (10 events):
Event: 13.578 Thread 0x00000000199b4000 Exception <a 'java/lang/ClassNotFoundException': org/gradle/api/internal/artifacts/dsl/dependencies/DefaultDependencyHandlerCustomizer> (0x00000000e05b3b38) thrown at [C:\re\workspace\8-2-build-windows-amd64-cygwin\jdk8u131\8869\hotspot\src\share\vm\class
Event: 13.581 Thread 0x00000000199b4000 Exception <a 'java/lang/ClassNotFoundException': org/gradle/api/internal/artifacts/dsl/dependencies/DefaultDependencyHandler_DecoratedCustomizer> (0x00000000e0637128) thrown at [C:\re\workspace\8-2-build-windows-amd64-cygwin\jdk8u131\8869\hotspot\src\shar
Event: 14.080 Thread 0x00000000199b4000 Exception <a 'java/lang/ClassNotFoundException': sync_studio_tooling3776_ay5wv6nuj7g4sxm4r0mclaji5BeanInfo> (0x00000000e1c7b198) thrown at [C:\re\workspace\8-2-build-windows-amd64-cygwin\jdk8u131\8869\hotspot\src\share\vm\classfile\systemDictionary.cpp, l
Event: 14.081 Thread 0x00000000199b4000 Exception <a 'java/lang/ClassNotFoundException': sync_studio_tooling3776_ay5wv6nuj7g4sxm4r0mclaji5Customizer> (0x00000000e1c88c50) thrown at [C:\re\workspace\8-2-build-windows-amd64-cygwin\jdk8u131\8869\hotspot\src\share\vm\classfile\systemDictionary.cpp,
Event: 14.105 Thread 0x00000000199b4000 Exception <a 'java/lang/ClassNotFoundException': org/gradle/invocation/DefaultGradle_DecoratedBeanInfo> (0x00000000e1db6140) thrown at [C:\re\workspace\8-2-build-windows-amd64-cygwin\jdk8u131\8869\hotspot\src\share\vm\classfile\systemDictionary.cpp, line 
Event: 14.106 Thread 0x00000000199b4000 Exception <a 'java/lang/ClassNotFoundException': org/gradle/invocation/DefaultGradleBeanInfo> (0x00000000e1dda5b0) thrown at [C:\re\workspace\8-2-build-windows-amd64-cygwin\jdk8u131\8869\hotspot\src\share\vm\classfile\systemDictionary.cpp, line 210]
Event: 14.106 Thread 0x00000000199b4000 Exception <a 'java/lang/ClassNotFoundException': org/gradle/api/internal/project/AbstractPluginAwareBeanInfo> (0x00000000e1e06400) thrown at [C:\re\workspace\8-2-build-windows-amd64-cygwin\jdk8u131\8869\hotspot\src\share\vm\classfile\systemDictionary.cpp,
Event: 14.107 Thread 0x00000000199b4000 Exception <a 'java/lang/ClassNotFoundException': org/gradle/api/internal/project/AbstractPluginAwareCustomizer> (0x00000000e1e32a90) thrown at [C:\re\workspace\8-2-build-windows-amd64-cygwin\jdk8u131\8869\hotspot\src\share\vm\classfile\systemDictionary.cp
Event: 14.109 Thread 0x00000000199b4000 Exception <a 'java/lang/ClassNotFoundException': org/gradle/invocation/DefaultGradleCustomizer> (0x00000000e1e5f0d8) thrown at [C:\re\workspace\8-2-build-windows-amd64-cygwin\jdk8u131\8869\hotspot\src\share\vm\classfile\systemDictionary.cpp, line 210]
Event: 14.112 Thread 0x00000000199b4000 Exception <a 'java/lang/ClassNotFoundException': org/gradle/invocation/DefaultGradle_DecoratedCustomizer> (0x00000000e1ecf230) thrown at [C:\re\workspace\8-2-build-windows-amd64-cygwin\jdk8u131\8869\hotspot\src\share\vm\classfile\systemDictionary.cpp, lin

Events (10 events):
Event: 14.112 loading class org/gradle/invocation/DefaultGradle_DecoratedCustomizer
Event: 14.112 loading class org/gradle/invocation/DefaultGradle_DecoratedCustomizer done
Event: 14.113 Thread 0x00000000199b4000 DEOPT PACKING pc=0x00000000038192d9 sp=0x000000001b29a630
Event: 14.113 Thread 0x00000000199b4000 DEOPT UNPACKING pc=0x00000000031f787f sp=0x000000001b29a350 mode 0
Event: 14.116 loading class org/gradle/util/ConfigureUtil$WrappedConfigureAction
Event: 14.116 loading class org/gradle/util/ConfigureUtil$WrappedConfigureAction done
Event: 14.117 loading class org/gradle/invocation/DefaultGradle$2
Event: 14.117 loading class org/gradle/invocation/DefaultGradle$2 done
Event: 14.117 loading class org/gradle/configuration/internal/DefaultListenerBuildOperationDecorator$BuildOperationEmittingAction
Event: 14.117 loading class org/gradle/configuration/internal/DefaultListenerBuildOperationDecorator$BuildOperationEmittingAction done


Dynamic libraries:
0x00007ff6a2380000 - 0x00007ff6a23b7000 	C:\Program Files\Java\jdk1.8.0_131\bin\java.exe
0x00007ffb30030000 - 0x00007ffb3020b000 	C:\WINDOWS\SYSTEM32\ntdll.dll
0x00007ffb2e080000 - 0x00007ffb2e12e000 	C:\WINDOWS\System32\KERNEL32.DLL
0x00007ffb2c940000 - 0x00007ffb2cb89000 	C:\WINDOWS\System32\KERNELBASE.dll
0x00007ffb2dfa0000 - 0x00007ffb2e041000 	C:\WINDOWS\System32\ADVAPI32.dll
0x00007ffb2e2a0000 - 0x00007ffb2e33d000 	C:\WINDOWS\System32\msvcrt.dll
0x00007ffb2e780000 - 0x00007ffb2e7d9000 	C:\WINDOWS\System32\sechost.dll
0x00007ffb2fe70000 - 0x00007ffb2ff95000 	C:\WINDOWS\System32\RPCRT4.dll
0x00007ffb2fd10000 - 0x00007ffb2fe5a000 	C:\WINDOWS\System32\USER32.dll
0x00007ffb2d570000 - 0x00007ffb2d58e000 	C:\WINDOWS\System32\win32u.dll
0x00007ffb2fce0000 - 0x00007ffb2fd07000 	C:\WINDOWS\System32\GDI32.dll
0x00007ffb2c6b0000 - 0x00007ffb2c837000 	C:\WINDOWS\System32\gdi32full.dll
0x00007ffb2d4d0000 - 0x00007ffb2d56a000 	C:\WINDOWS\System32\msvcp_win.dll
0x00007ffb2c550000 - 0x00007ffb2c646000 	C:\WINDOWS\System32\ucrtbase.dll
0x00007ffb1fab0000 - 0x00007ffb1fd17000 	C:\WINDOWS\WinSxS\amd64_microsoft.windows.common-controls_6595b64144ccf1df_6.0.15063.483_none_26002d27e7c744a2\COMCTL32.dll
0x00007ffb2d7d0000 - 0x00007ffb2dac9000 	C:\WINDOWS\System32\combase.dll
0x00007ffb2d460000 - 0x00007ffb2d4ca000 	C:\WINDOWS\System32\bcryptPrimitives.dll
0x00007ffb2e050000 - 0x00007ffb2e07d000 	C:\WINDOWS\System32\IMM32.DLL
0x00000000542f0000 - 0x00000000543c2000 	C:\Program Files\Java\jdk1.8.0_131\jre\bin\msvcr100.dll
0x0000000053710000 - 0x0000000053fac000 	C:\Program Files\Java\jdk1.8.0_131\jre\bin\server\jvm.dll
0x00007ffb2ffa0000 - 0x00007ffb2ffa8000 	C:\WINDOWS\System32\PSAPI.DLL
0x00007ffb1cf30000 - 0x00007ffb1cf3a000 	C:\WINDOWS\SYSTEM32\VERSION.dll
0x00007ffb24c00000 - 0x00007ffb24c09000 	C:\WINDOWS\SYSTEM32\WSOCK32.dll
0x00007ffb2a6a0000 - 0x00007ffb2a6c3000 	C:\WINDOWS\SYSTEM32\WINMM.dll
0x00007ffb2d760000 - 0x00007ffb2d7cc000 	C:\WINDOWS\System32\WS2_32.dll
0x00007ffb2a640000 - 0x00007ffb2a66b000 	C:\WINDOWS\SYSTEM32\WINMMBASE.dll
0x00007ffb2c840000 - 0x00007ffb2c889000 	C:\WINDOWS\System32\cfgmgr32.dll
0x00000000542e0000 - 0x00000000542ef000 	C:\Program Files\Java\jdk1.8.0_131\jre\bin\verify.dll
0x00000000542b0000 - 0x00000000542d9000 	C:\Program Files\Java\jdk1.8.0_131\jre\bin\java.dll
0x0000000054290000 - 0x00000000542a6000 	C:\Program Files\Java\jdk1.8.0_131\jre\bin\zip.dll
0x00007ffb2e8a0000 - 0x00007ffb2fcd6000 	C:\WINDOWS\System32\SHELL32.dll
0x00007ffb2dbe0000 - 0x00007ffb2dc8a000 	C:\WINDOWS\System32\shcore.dll
0x00007ffb2cb90000 - 0x00007ffb2d281000 	C:\WINDOWS\System32\windows.storage.dll
0x00007ffb2d700000 - 0x00007ffb2d751000 	C:\WINDOWS\System32\shlwapi.dll
0x00007ffb2c4a0000 - 0x00007ffb2c4b1000 	C:\WINDOWS\System32\kernel.appcore.dll
0x00007ffb2c4e0000 - 0x00007ffb2c52c000 	C:\WINDOWS\System32\powrprof.dll
0x00007ffb2c530000 - 0x00007ffb2c545000 	C:\WINDOWS\System32\profapi.dll
0x0000000054270000 - 0x000000005428a000 	C:\Program Files\Java\jdk1.8.0_131\jre\bin\net.dll
0x00007ffb2bd50000 - 0x00007ffb2bdac000 	C:\WINDOWS\system32\mswsock.dll
0x0000000054250000 - 0x0000000054261000 	C:\Program Files\Java\jdk1.8.0_131\jre\bin\nio.dll
0x00007ffb1f0e0000 - 0x00007ffb1f106000 	C:\Users\hp\.gradle\native\29\windows-amd64\native-platform.dll
0x0000000054240000 - 0x000000005424d000 	C:\Program Files\Java\jdk1.8.0_131\jre\bin\management.dll
0x00007ffb2bef0000 - 0x00007ffb2bf07000 	C:\WINDOWS\SYSTEM32\CRYPTSP.dll
0x00007ffb2b970000 - 0x00007ffb2b9a4000 	C:\WINDOWS\system32\rsaenh.dll
0x00007ffb2c370000 - 0x00007ffb2c395000 	C:\WINDOWS\SYSTEM32\bcrypt.dll
0x00007ffb2c3d0000 - 0x00007ffb2c3f9000 	C:\WINDOWS\SYSTEM32\USERENV.dll
0x00007ffb2c360000 - 0x00007ffb2c36b000 	C:\WINDOWS\SYSTEM32\CRYPTBASE.dll
0x00007ffb2baf0000 - 0x00007ffb2bb27000 	C:\WINDOWS\SYSTEM32\IPHLPAPI.DLL
0x00007ffb2dad0000 - 0x00007ffb2dad8000 	C:\WINDOWS\System32\NSI.dll
0x00007ffb1ff80000 - 0x00007ffb1ff96000 	C:\WINDOWS\SYSTEM32\dhcpcsvc6.DLL
0x00007ffb20180000 - 0x00007ffb2019a000 	C:\WINDOWS\SYSTEM32\dhcpcsvc.DLL

VM Arguments:
jvm_args: -Xmx1536m -Dfile.encoding=windows-1252 -Duser.country=IN -Duser.language=en -Duser.variant 
java_command: org.gradle.launcher.daemon.bootstrap.GradleDaemon 5.4.1
java_class_path (initial): C:\Users\hp\.gradle\wrapper\dists\gradle-5.4.1-all\3221gyojl5jsh0helicew7rwx\gradle-5.4.1\lib\gradle-launcher-5.4.1.jar
Launcher Type: SUN_STANDARD

Environment Variables:
PATH=";C:\Windows\System32\";C:\Program Files\Git\bin\;C:\Program Files\Git\cmd\;C:\Program Files\dotnet\;C:\Program Files\PuTTY\;C:\Users\hp\AppData\Local\Microsoft\WindowsApps;C:\Windows\System32\;C:\Program Files\Git\cmd;D:\Flutter\fluttersdk\flutter\bin;C:\WINDOWS\System32\WindowsPowerShell\v1.0\;C:\Users\hp\.dotnet\tools;
USERNAME=hp
OS=Windows_NT
PROCESSOR_IDENTIFIER=Intel64 Family 6 Model 78 Stepping 3, GenuineIntel



---------------  S Y S T E M  ---------------

OS: Windows 10.0 , 64 bit Build 15063 (10.0.15063.296)

CPU:total 4 (initial active 4) (2 cores per cpu, 2 threads per core) family 6 model 78 stepping 3, cmov, cx8, fxsr, mmx, sse, sse2, sse3, ssse3, sse4.1, sse4.2, popcnt, avx, avx2, aes, clmul, erms, 3dnowpref, lzcnt, ht, tsc, tscinvbit, bmi1, bmi2, adx

Memory: 4k page, physical 8276996k(1324412k free), swap 19609784k(3116k free)

vm_info: Java HotSpot(TM) 64-Bit Server VM (25.131-b11) for windows-amd64 JRE (1.8.0_131-b11), built on Mar 15 2017 01:23:53 by "java_re" with MS VC++ 10.0 (VS2010)

time: Wed Dec 15 15:21:03 2021
elapsed time: 14 seconds (0d 0h 0m 14s)

