#
# There is insufficient memory for the Java Runtime Environment to continue.
# Native memory allocation (malloc) failed to allocate 887136 bytes for Chunk::new
# Possible reasons:
#   The system is out of physical RAM or swap space
#   In 32 bit mode, the process size limit was hit
# Possible solutions:
#   Reduce memory load on the system
#   Increase physical memory or swap space
#   Check if swap backing store is full
#   Use 64 bit Java on a 64 bit OS
#   Decrease Java heap size (-Xmx/-Xms)
#   Decrease number of Java threads
#   Decrease Java thread stack sizes (-Xss)
#   Set larger code cache with -XX:ReservedCodeCacheSize=
# This output file may be truncated or incomplete.
#
#  Out of Memory Error (allocation.cpp:390), pid=11128, tid=0x00000000000059d0
#
# JRE version: Java(TM) SE Runtime Environment (8.0_131-b11) (build 1.8.0_131-b11)
# Java VM: Java HotSpot(TM) 64-Bit Server VM (25.131-b11 mixed mode windows-amd64 compressed oops)
# Failed to write core dump. Minidumps are not enabled by default on client versions of Windows
#

---------------  T H R E A D  ---------------

Current thread (0x000000001671d800):  JavaThread "C2 CompilerThread0" daemon [_thread_in_native, id=22992, stack(0x0000000017e70000,0x0000000017f70000)]

Stack: [0x0000000017e70000,0x0000000017f70000]
[error occurred during error reporting (printing stack bounds), id 0xc0000005]

Native frames: (J=compiled Java code, j=interpreted, Vv=VM code, C=native code)


Current CompileTask:
C2:   7114 3329       4       org.objectweb.asm.Frame::execute (2318 bytes)


---------------  P R O C E S S  ---------------

Java Threads: ( => current thread )
  0x000000001bd32000 JavaThread "Build operations Thread 4" [_thread_blocked, id=16196, stack(0x0000000022080000,0x0000000022180000)]
  0x000000001bd37000 JavaThread "Build operations Thread 3" [_thread_blocked, id=16984, stack(0x0000000021f80000,0x0000000022080000)]
  0x000000001bd36800 JavaThread "Build operations Thread 2" [_thread_blocked, id=20044, stack(0x0000000021e80000,0x0000000021f80000)]
  0x000000001bd35800 JavaThread "Build operations" [_thread_blocked, id=16408, stack(0x0000000021d80000,0x0000000021e80000)]
  0x000000001bd38000 JavaThread "Cache worker for execution history cache (C:\Users\hp\.gradle\caches\5.4.1\executionHistory)" [_thread_blocked, id=14524, stack(0x00000000202f0000,0x00000000203f0000)]
  0x0000000019a2d800 JavaThread "Cache worker for cache directory md-rule (C:\Users\hp\.gradle\caches\5.4.1\md-rule)" [_thread_blocked, id=23240, stack(0x00000000201f0000,0x00000000202f0000)]
  0x0000000019a34000 JavaThread "Cache worker for cache directory md-supplier (C:\Users\hp\.gradle\caches\5.4.1\md-supplier)" [_thread_blocked, id=8936, stack(0x000000001fea0000,0x000000001ffa0000)]
  0x0000000019a2e000 JavaThread "Cache worker for file hash cache (D:\INDEPAY\Indepay_New_KT_session\sdk\PspApp\.gradle\5.4.1\fileHashes)" [_thread_blocked, id=8260, stack(0x000000001d950000,0x000000001da50000)]
  0x0000000019a2f000 JavaThread "Cache worker for journal cache (C:\Users\hp\.gradle\caches\journal-1)" [_thread_blocked, id=19056, stack(0x000000001b4b0000,0x000000001b5b0000)]
  0x0000000019a2f800 JavaThread "File lock request listener" [_thread_in_native, id=18428, stack(0x000000001b2b0000,0x000000001b3b0000)]
  0x0000000019a30800 JavaThread "Cache worker for file hash cache (C:\Users\hp\.gradle\caches\5.4.1\fileHashes)" [_thread_blocked, id=19984, stack(0x000000001b1b0000,0x000000001b2b0000)]
  0x000000001959e800 JavaThread "Thread-9" [_thread_blocked, id=11284, stack(0x000000001b0b0000,0x000000001b1b0000)]
  0x0000000019617000 JavaThread "Stdin handler" [_thread_blocked, id=1088, stack(0x000000001afb0000,0x000000001b0b0000)]
  0x0000000019853000 JavaThread "Asynchronous log dispatcher for DefaultDaemonConnection: socket connection from /127.0.0.1:56546 to /127.0.0.1:56547" [_thread_blocked, id=6292, stack(0x000000001aeb0000,0x000000001afb0000)]
  0x0000000019616000 JavaThread "Daemon worker" [_thread_in_native, id=20876, stack(0x000000001adb0000,0x000000001aeb0000)]
  0x000000001961f000 JavaThread "Cancel handler" [_thread_blocked, id=22800, stack(0x000000001acb0000,0x000000001adb0000)]
  0x0000000019608000 JavaThread "Handler for socket connection from /127.0.0.1:56546 to /127.0.0.1:56547" [_thread_in_native, id=19688, stack(0x000000001a9b0000,0x000000001aab0000)]
  0x00000000195f7800 JavaThread "Daemon" [_thread_blocked, id=17916, stack(0x000000001a8b0000,0x000000001a9b0000)]
  0x00000000195de800 JavaThread "Daemon periodic checks" [_thread_blocked, id=21440, stack(0x000000001a7b0000,0x000000001a8b0000)]
  0x00000000197d4800 JavaThread "Incoming local TCP Connector on port 56546" [_thread_in_native, id=15320, stack(0x000000001a580000,0x000000001a680000)]
  0x000000001977b000 JavaThread "Daemon health stats" [_thread_blocked, id=12204, stack(0x0000000019f40000,0x000000001a040000)]
  0x000000001819a800 JavaThread "Service Thread" daemon [_thread_blocked, id=15752, stack(0x0000000018570000,0x0000000018670000)]
  0x0000000016726000 JavaThread "C1 CompilerThread2" daemon [_thread_blocked, id=3576, stack(0x0000000018070000,0x0000000018170000)]
  0x0000000016723000 JavaThread "C2 CompilerThread1" daemon [_thread_in_native, id=2868, stack(0x0000000017f70000,0x0000000018070000)]
=>0x000000001671d800 JavaThread "C2 CompilerThread0" daemon [_thread_in_native, id=22992, stack(0x0000000017e70000,0x0000000017f70000)]
  0x000000001671b800 JavaThread "Attach Listener" daemon [_thread_blocked, id=20056, stack(0x0000000017d70000,0x0000000017e70000)]
  0x000000001671a800 JavaThread "Signal Dispatcher" daemon [_thread_blocked, id=20328, stack(0x0000000017c70000,0x0000000017d70000)]
  0x0000000002daa000 JavaThread "Finalizer" daemon [_thread_blocked, id=2040, stack(0x0000000017980000,0x0000000017a80000)]
  0x00000000166e9000 JavaThread "Reference Handler" daemon [_thread_blocked, id=19300, stack(0x0000000017880000,0x0000000017980000)]
  0x0000000002cb0800 JavaThread "main" [_thread_blocked, id=21412, stack(0x0000000002bb0000,0x0000000002cb0000)]

Other Threads:
  0x00000000166e8000 VMThread [stack: 0x0000000017780000,0x0000000017880000] [id=15048]
  0x00000000181d9800 WatcherThread [stack: 0x0000000018670000,0x0000000018770000] [id=8728]

VM state:not at safepoint (normal execution)

VM Mutex/Monitor currently owned by a thread: None

Heap:
 PSYoungGen      total 76288K, used 64121K [0x00000000e0000000, 0x00000000e8080000, 0x0000000100000000)
  eden space 66560K, 83% used [0x00000000e0000000,0x00000000e36079c0,0x00000000e4100000)
  from space 9728K, 90% used [0x00000000e4b80000,0x00000000e5416bd0,0x00000000e5500000)
  to   space 10752K, 0% used [0x00000000e4100000,0x00000000e4100000,0x00000000e4b80000)
 ParOldGen       total 56320K, used 7260K [0x00000000a0000000, 0x00000000a3700000, 0x00000000e0000000)
  object space 56320K, 12% used [0x00000000a0000000,0x00000000a07173c8,0x00000000a3700000)
 Metaspace       used 34468K, capacity 35150K, committed 35328K, reserved 1079296K
  class space    used 4859K, capacity 5086K, committed 5120K, reserved 1048576K

Card table byte_map: [0x0000000012170000,0x0000000012480000] byte_map_base: 0x0000000011c70000

Marking Bits: (ParMarkBitMap*) 0x0000000053f2c720
 Begin Bits: [0x0000000012a80000, 0x0000000014280000)
 End Bits:   [0x0000000014280000, 0x0000000015a80000)

Polling page: 0x00000000012b0000

CodeCache: size=245760Kb used=11074Kb max_used=11074Kb free=234685Kb
 bounds [0x0000000002db0000, 0x0000000003890000, 0x0000000011db0000]
 total_blobs=3822 nmethods=3125 adapters=609
 compilation: enabled

Compilation events (10 events):
Event: 7.047 Thread 0x0000000016726000 3348       3       sun.misc.URLClassPath$JarLoader::getClassPath (86 bytes)
Event: 7.048 Thread 0x0000000016726000 nmethod 3348 0x0000000002eccbd0 code [0x0000000002ecce00, 0x0000000002ecd8c8]
Event: 7.050 Thread 0x0000000016726000 3349  s    3       java.util.Vector::removeElementAt (115 bytes)
Event: 7.051 Thread 0x0000000016726000 nmethod 3349 0x00000000030dfa50 code [0x00000000030dfc80, 0x00000000030e0aa8]
Event: 7.071 Thread 0x0000000016726000 3350   !   3       java.net.URL::getURLStreamHandler (313 bytes)
Event: 7.074 Thread 0x0000000016726000 nmethod 3350 0x000000000306abd0 code [0x000000000306b0c0, 0x000000000306e3b8]
Event: 7.079 Thread 0x0000000016726000 3351   !   3       sun.misc.URLClassPath$JarLoader::checkJar (51 bytes)
Event: 7.079 Thread 0x0000000016726000 nmethod 3351 0x000000000306a250 code [0x000000000306a400, 0x000000000306a9c8]
Event: 7.089 Thread 0x0000000016726000 3352       3       java.util.jar.JarFile::isKnownNotToHaveSpecialAttributes (358 bytes)
Event: 7.093 Thread 0x0000000016726000 nmethod 3352 0x0000000002fe7950 code [0x0000000002fe7fc0, 0x0000000002fed148]

GC Heap History (10 events):
Event: 3.513 GC heap before
{Heap before GC invocations=5 (full 0):
 PSYoungGen      total 38400K, used 38368K [0x00000000e0000000, 0x00000000e4b00000, 0x0000000100000000)
  eden space 33280K, 100% used [0x00000000e0000000,0x00000000e2080000,0x00000000e2080000)
  from space 5120K, 99% used [0x00000000e2580000,0x00000000e2a78020,0x00000000e2a80000)
  to   space 5120K, 0% used [0x00000000e2080000,0x00000000e2080000,0x00000000e2580000)
 ParOldGen       total 87552K, used 5042K [0x00000000a0000000, 0x00000000a5580000, 0x00000000e0000000)
  object space 87552K, 5% used [0x00000000a0000000,0x00000000a04ec9b0,0x00000000a5580000)
 Metaspace       used 19695K, capacity 20098K, committed 20352K, reserved 1067008K
  class space    used 2923K, capacity 3089K, committed 3200K, reserved 1048576K
Event: 3.532 GC heap after
Heap after GC invocations=5 (full 0):
 PSYoungGen      total 38400K, used 5108K [0x00000000e0000000, 0x00000000e5600000, 0x0000000100000000)
  eden space 33280K, 0% used [0x00000000e0000000,0x00000000e0000000,0x00000000e2080000)
  from space 5120K, 99% used [0x00000000e2080000,0x00000000e257d060,0x00000000e2580000)
  to   space 10752K, 0% used [0x00000000e4b80000,0x00000000e4b80000,0x00000000e5600000)
 ParOldGen       total 87552K, used 8946K [0x00000000a0000000, 0x00000000a5580000, 0x00000000e0000000)
  object space 87552K, 10% used [0x00000000a0000000,0x00000000a08bcb48,0x00000000a5580000)
 Metaspace       used 19695K, capacity 20098K, committed 20352K, reserved 1067008K
  class space    used 2923K, capacity 3089K, committed 3200K, reserved 1048576K
}
Event: 3.644 GC heap before
{Heap before GC invocations=6 (full 0):
 PSYoungGen      total 38400K, used 10745K [0x00000000e0000000, 0x00000000e5600000, 0x0000000100000000)
  eden space 33280K, 16% used [0x00000000e0000000,0x00000000e0581478,0x00000000e2080000)
  from space 5120K, 99% used [0x00000000e2080000,0x00000000e257d060,0x00000000e2580000)
  to   space 10752K, 0% used [0x00000000e4b80000,0x00000000e4b80000,0x00000000e5600000)
 ParOldGen       total 87552K, used 8946K [0x00000000a0000000, 0x00000000a5580000, 0x00000000e0000000)
  object space 87552K, 10% used [0x00000000a0000000,0x00000000a08bcb48,0x00000000a5580000)
 Metaspace       used 20653K, capacity 21058K, committed 21296K, reserved 1067008K
  class space    used 2983K, capacity 3153K, committed 3200K, reserved 1048576K
Event: 3.651 GC heap after
Heap after GC invocations=6 (full 0):
 PSYoungGen      total 76288K, used 6150K [0x00000000e0000000, 0x00000000e5500000, 0x0000000100000000)
  eden space 66560K, 0% used [0x00000000e0000000,0x00000000e0000000,0x00000000e4100000)
  from space 9728K, 63% used [0x00000000e4b80000,0x00000000e5181858,0x00000000e5500000)
  to   space 10240K, 0% used [0x00000000e4100000,0x00000000e4100000,0x00000000e4b00000)
 ParOldGen       total 87552K, used 8954K [0x00000000a0000000, 0x00000000a5580000, 0x00000000e0000000)
  object space 87552K, 10% used [0x00000000a0000000,0x00000000a08beb48,0x00000000a5580000)
 Metaspace       used 20653K, capacity 21058K, committed 21296K, reserved 1067008K
  class space    used 2983K, capacity 3153K, committed 3200K, reserved 1048576K
}
Event: 3.651 GC heap before
{Heap before GC invocations=7 (full 1):
 PSYoungGen      total 76288K, used 6150K [0x00000000e0000000, 0x00000000e5500000, 0x0000000100000000)
  eden space 66560K, 0% used [0x00000000e0000000,0x00000000e0000000,0x00000000e4100000)
  from space 9728K, 63% used [0x00000000e4b80000,0x00000000e5181858,0x00000000e5500000)
  to   space 10240K, 0% used [0x00000000e4100000,0x00000000e4100000,0x00000000e4b00000)
 ParOldGen       total 87552K, used 8954K [0x00000000a0000000, 0x00000000a5580000, 0x00000000e0000000)
  object space 87552K, 10% used [0x00000000a0000000,0x00000000a08beb48,0x00000000a5580000)
 Metaspace       used 20653K, capacity 21058K, committed 21296K, reserved 1067008K
  class space    used 2983K, capacity 3153K, committed 3200K, reserved 1048576K
Event: 3.698 GC heap after
Heap after GC invocations=7 (full 1):
 PSYoungGen      total 76288K, used 0K [0x00000000e0000000, 0x00000000e5500000, 0x0000000100000000)
  eden space 66560K, 0% used [0x00000000e0000000,0x00000000e0000000,0x00000000e4100000)
  from space 9728K, 0% used [0x00000000e4b80000,0x00000000e4b80000,0x00000000e5500000)
  to   space 10240K, 0% used [0x00000000e4100000,0x00000000e4100000,0x00000000e4b00000)
 ParOldGen       total 56320K, used 7244K [0x00000000a0000000, 0x00000000a3700000, 0x00000000e0000000)
  object space 56320K, 12% used [0x00000000a0000000,0x00000000a07133c8,0x00000000a3700000)
 Metaspace       used 20653K, capacity 21058K, committed 21296K, reserved 1067008K
  class space    used 2983K, capacity 3153K, committed 3200K, reserved 1048576K
}
Event: 5.048 GC heap before
{Heap before GC invocations=8 (full 1):
 PSYoungGen      total 76288K, used 66560K [0x00000000e0000000, 0x00000000e5500000, 0x0000000100000000)
  eden space 66560K, 100% used [0x00000000e0000000,0x00000000e4100000,0x00000000e4100000)
  from space 9728K, 0% used [0x00000000e4b80000,0x00000000e4b80000,0x00000000e5500000)
  to   space 10240K, 0% used [0x00000000e4100000,0x00000000e4100000,0x00000000e4b00000)
 ParOldGen       total 56320K, used 7244K [0x00000000a0000000, 0x00000000a3700000, 0x00000000e0000000)
  object space 56320K, 12% used [0x00000000a0000000,0x00000000a07133c8,0x00000000a3700000)
 Metaspace       used 28656K, capacity 29114K, committed 29568K, reserved 1075200K
  class space    used 3959K, capacity 4112K, committed 4224K, reserved 1048576K
Event: 5.066 GC heap after
Heap after GC invocations=8 (full 1):
 PSYoungGen      total 76800K, used 7761K [0x00000000e0000000, 0x00000000e5500000, 0x0000000100000000)
  eden space 66560K, 0% used [0x00000000e0000000,0x00000000e0000000,0x00000000e4100000)
  from space 10240K, 75% used [0x00000000e4100000,0x00000000e48947c0,0x00000000e4b00000)
  to   space 9728K, 0% used [0x00000000e4b80000,0x00000000e4b80000,0x00000000e5500000)
 ParOldGen       total 56320K, used 7252K [0x00000000a0000000, 0x00000000a3700000, 0x00000000e0000000)
  object space 56320K, 12% used [0x00000000a0000000,0x00000000a07153c8,0x00000000a3700000)
 Metaspace       used 28656K, capacity 29114K, committed 29568K, reserved 1075200K
  class space    used 3959K, capacity 4112K, committed 4224K, reserved 1048576K
}
Event: 5.907 GC heap before
{Heap before GC invocations=9 (full 1):
 PSYoungGen      total 76800K, used 74321K [0x00000000e0000000, 0x00000000e5500000, 0x0000000100000000)
  eden space 66560K, 100% used [0x00000000e0000000,0x00000000e4100000,0x00000000e4100000)
  from space 10240K, 75% used [0x00000000e4100000,0x00000000e48947c0,0x00000000e4b00000)
  to   space 9728K, 0% used [0x00000000e4b80000,0x00000000e4b80000,0x00000000e5500000)
 ParOldGen       total 56320K, used 7252K [0x00000000a0000000, 0x00000000a3700000, 0x00000000e0000000)
  object space 56320K, 12% used [0x00000000a0000000,0x00000000a07153c8,0x00000000a3700000)
 Metaspace       used 31489K, capacity 32016K, committed 32384K, reserved 1077248K
  class space    used 4437K, capacity 4633K, committed 4736K, reserved 1048576K
Event: 5.926 GC heap after
Heap after GC invocations=9 (full 1):
 PSYoungGen      total 76288K, used 8794K [0x00000000e0000000, 0x00000000e8080000, 0x0000000100000000)
  eden space 66560K, 0% used [0x00000000e0000000,0x00000000e0000000,0x00000000e4100000)
  from space 9728K, 90% used [0x00000000e4b80000,0x00000000e5416bd0,0x00000000e5500000)
  to   space 10752K, 0% used [0x00000000e4100000,0x00000000e4100000,0x00000000e4b80000)
 ParOldGen       total 56320K, used 7260K [0x00000000a0000000, 0x00000000a3700000, 0x00000000e0000000)
  object space 56320K, 12% used [0x00000000a0000000,0x00000000a07173c8,0x00000000a3700000)
 Metaspace       used 31489K, capacity 32016K, committed 32384K, reserved 1077248K
  class space    used 4437K, capacity 4633K, committed 4736K, reserved 1048576K
}

Deoptimization events (10 events):
Event: 5.030 Thread 0x0000000019616000 Uncommon trap: reason=class_check action=maybe_recompile pc=0x00000000033a77c4 method=sun.misc.URLClassPath.getLoader(I)Lsun/misc/URLClassPath$Loader; @ 239
Event: 5.327 Thread 0x0000000019616000 Uncommon trap: reason=unstable_if action=reinterpret pc=0x000000000304d00c method=java.io.WinNTFileSystem.resolve(Ljava/lang/String;Ljava/lang/String;)Ljava/lang/String; @ 49
Event: 6.407 Thread 0x0000000019616000 Uncommon trap: reason=speculate_class_check action=maybe_recompile pc=0x00000000038157a8 method=com.google.common.collect.AbstractIndexedListIterator.next()Ljava/lang/Object; @ 27
Event: 6.407 Thread 0x0000000019616000 Uncommon trap: reason=speculate_class_check action=maybe_recompile pc=0x00000000038157a8 method=com.google.common.collect.AbstractIndexedListIterator.next()Ljava/lang/Object; @ 27
Event: 6.407 Thread 0x0000000019616000 Uncommon trap: reason=speculate_class_check action=maybe_recompile pc=0x00000000038157a8 method=com.google.common.collect.AbstractIndexedListIterator.next()Ljava/lang/Object; @ 27
Event: 6.456 Thread 0x0000000019616000 Uncommon trap: reason=unstable_if action=reinterpret pc=0x00000000037a35c8 method=java.util.concurrent.ConcurrentHashMap.get(Ljava/lang/Object;)Ljava/lang/Object; @ 76
Event: 6.457 Thread 0x0000000019616000 Uncommon trap: reason=class_check action=maybe_recompile pc=0x0000000003368cb0 method=java.util.concurrent.ConcurrentHashMap.putVal(Ljava/lang/Object;Ljava/lang/Object;Z)Ljava/lang/Object; @ 192
Event: 6.462 Thread 0x0000000019616000 Uncommon trap: reason=speculate_class_check action=maybe_recompile pc=0x00000000038157a8 method=com.google.common.collect.AbstractIndexedListIterator.next()Ljava/lang/Object; @ 27
Event: 6.556 Thread 0x000000001bd36800 Uncommon trap: reason=class_check action=maybe_recompile pc=0x0000000003368cb0 method=java.util.concurrent.ConcurrentHashMap.putVal(Ljava/lang/Object;Ljava/lang/Object;Z)Ljava/lang/Object; @ 192
Event: 6.952 Thread 0x0000000019616000 Uncommon trap: reason=range_check action=make_not_entrant pc=0x0000000003784440 method=java.lang.String.charAt(I)C @ 27

Internal exceptions (10 events):
Event: 7.095 Thread 0x0000000019616000 Exception <a 'java/security/PrivilegedActionException'> (0x00000000e352a740) thrown at [C:\re\workspace\8-2-build-windows-amd64-cygwin\jdk8u131\8869\hotspot\src\share\vm\prims\jvm.cpp, line 1390]
Event: 7.095 Thread 0x0000000019616000 Exception <a 'java/security/PrivilegedActionException'> (0x00000000e352b4c0) thrown at [C:\re\workspace\8-2-build-windows-amd64-cygwin\jdk8u131\8869\hotspot\src\share\vm\prims\jvm.cpp, line 1390]
Event: 7.095 Thread 0x0000000019616000 Exception <a 'java/security/PrivilegedActionException'> (0x00000000e352e4d8) thrown at [C:\re\workspace\8-2-build-windows-amd64-cygwin\jdk8u131\8869\hotspot\src\share\vm\prims\jvm.cpp, line 1390]
Event: 7.095 Thread 0x0000000019616000 Exception <a 'java/security/PrivilegedActionException'> (0x00000000e352f258) thrown at [C:\re\workspace\8-2-build-windows-amd64-cygwin\jdk8u131\8869\hotspot\src\share\vm\prims\jvm.cpp, line 1390]
Event: 7.095 Thread 0x0000000019616000 Exception <a 'java/security/PrivilegedActionException'> (0x00000000e3532380) thrown at [C:\re\workspace\8-2-build-windows-amd64-cygwin\jdk8u131\8869\hotspot\src\share\vm\prims\jvm.cpp, line 1390]
Event: 7.096 Thread 0x0000000019616000 Exception <a 'java/security/PrivilegedActionException'> (0x00000000e3533100) thrown at [C:\re\workspace\8-2-build-windows-amd64-cygwin\jdk8u131\8869\hotspot\src\share\vm\prims\jvm.cpp, line 1390]
Event: 7.096 Thread 0x0000000019616000 Exception <a 'java/security/PrivilegedActionException'> (0x00000000e3536338) thrown at [C:\re\workspace\8-2-build-windows-amd64-cygwin\jdk8u131\8869\hotspot\src\share\vm\prims\jvm.cpp, line 1390]
Event: 7.096 Thread 0x0000000019616000 Exception <a 'java/security/PrivilegedActionException'> (0x00000000e35370b8) thrown at [C:\re\workspace\8-2-build-windows-amd64-cygwin\jdk8u131\8869\hotspot\src\share\vm\prims\jvm.cpp, line 1390]
Event: 7.096 Thread 0x0000000019616000 Exception <a 'java/security/PrivilegedActionException'> (0x00000000e353a058) thrown at [C:\re\workspace\8-2-build-windows-amd64-cygwin\jdk8u131\8869\hotspot\src\share\vm\prims\jvm.cpp, line 1390]
Event: 7.096 Thread 0x0000000019616000 Exception <a 'java/security/PrivilegedActionException'> (0x00000000e353add8) thrown at [C:\re\workspace\8-2-build-windows-amd64-cygwin\jdk8u131\8869\hotspot\src\share\vm\prims\jvm.cpp, line 1390]

Events (10 events):
Event: 6.976 loading class org/gradle/api/internal/AbstractTask$TaskActionWrapper
Event: 6.976 loading class org/gradle/api/internal/AbstractTask$TaskActionWrapper done
Event: 6.978 loading class groovy/runtime/metaclass/org/gradle/api/tasks/Delete_DecoratedMetaClass
Event: 6.978 loading class groovy/runtime/metaclass/org/gradle/api/tasks/Delete_DecoratedMetaClass done
Event: 6.985 loading class org/gradle/api/tasks/Delete_DecoratedBeanInfo
Event: 6.985 loading class org/gradle/api/tasks/Delete_DecoratedBeanInfo done
Event: 6.985 loading class org/gradle/api/tasks/Delete_DecoratedBeanInfo
Event: 6.985 loading class org/gradle/api/tasks/Delete_DecoratedBeanInfo done
Event: 6.985 loading class org/gradle/api/tasks/Delete_DecoratedBeanInfo
Event: 6.985 loading class org/gradle/api/tasks/Delete_DecoratedBeanInfo done


Dynamic libraries:
0x00007ff6a2380000 - 0x00007ff6a23b7000 	C:\Program Files\Java\jdk1.8.0_131\bin\java.exe
0x00007ffb30030000 - 0x00007ffb3020b000 	C:\WINDOWS\SYSTEM32\ntdll.dll
0x00007ffb2e080000 - 0x00007ffb2e12e000 	C:\WINDOWS\System32\KERNEL32.DLL
0x00007ffb2c940000 - 0x00007ffb2cb89000 	C:\WINDOWS\System32\KERNELBASE.dll
0x00007ffb2dfa0000 - 0x00007ffb2e041000 	C:\WINDOWS\System32\ADVAPI32.dll
0x00007ffb2e2a0000 - 0x00007ffb2e33d000 	C:\WINDOWS\System32\msvcrt.dll
0x00007ffb2e780000 - 0x00007ffb2e7d9000 	C:\WINDOWS\System32\sechost.dll
0x00007ffb2fe70000 - 0x00007ffb2ff95000 	C:\WINDOWS\System32\RPCRT4.dll
0x00007ffb2fd10000 - 0x00007ffb2fe5a000 	C:\WINDOWS\System32\USER32.dll
0x00007ffb2d570000 - 0x00007ffb2d58e000 	C:\WINDOWS\System32\win32u.dll
0x00007ffb2fce0000 - 0x00007ffb2fd07000 	C:\WINDOWS\System32\GDI32.dll
0x00007ffb2c6b0000 - 0x00007ffb2c837000 	C:\WINDOWS\System32\gdi32full.dll
0x00007ffb2d4d0000 - 0x00007ffb2d56a000 	C:\WINDOWS\System32\msvcp_win.dll
0x00007ffb2c550000 - 0x00007ffb2c646000 	C:\WINDOWS\System32\ucrtbase.dll
0x00007ffb1fab0000 - 0x00007ffb1fd17000 	C:\WINDOWS\WinSxS\amd64_microsoft.windows.common-controls_6595b64144ccf1df_6.0.15063.483_none_26002d27e7c744a2\COMCTL32.dll
0x00007ffb2d7d0000 - 0x00007ffb2dac9000 	C:\WINDOWS\System32\combase.dll
0x00007ffb2d460000 - 0x00007ffb2d4ca000 	C:\WINDOWS\System32\bcryptPrimitives.dll
0x00007ffb2e050000 - 0x00007ffb2e07d000 	C:\WINDOWS\System32\IMM32.DLL
0x00000000542f0000 - 0x00000000543c2000 	C:\Program Files\Java\jdk1.8.0_131\jre\bin\msvcr100.dll
0x0000000053710000 - 0x0000000053fac000 	C:\Program Files\Java\jdk1.8.0_131\jre\bin\server\jvm.dll
0x00007ffb2ffa0000 - 0x00007ffb2ffa8000 	C:\WINDOWS\System32\PSAPI.DLL
0x00007ffb1cf30000 - 0x00007ffb1cf3a000 	C:\WINDOWS\SYSTEM32\VERSION.dll
0x00007ffb2a6a0000 - 0x00007ffb2a6c3000 	C:\WINDOWS\SYSTEM32\WINMM.dll
0x00007ffb24c00000 - 0x00007ffb24c09000 	C:\WINDOWS\SYSTEM32\WSOCK32.dll
0x00007ffb2d760000 - 0x00007ffb2d7cc000 	C:\WINDOWS\System32\WS2_32.dll
0x00007ffb2a640000 - 0x00007ffb2a66b000 	C:\WINDOWS\SYSTEM32\WINMMBASE.dll
0x00007ffb2c840000 - 0x00007ffb2c889000 	C:\WINDOWS\System32\cfgmgr32.dll
0x00000000542e0000 - 0x00000000542ef000 	C:\Program Files\Java\jdk1.8.0_131\jre\bin\verify.dll
0x00000000542b0000 - 0x00000000542d9000 	C:\Program Files\Java\jdk1.8.0_131\jre\bin\java.dll
0x0000000054290000 - 0x00000000542a6000 	C:\Program Files\Java\jdk1.8.0_131\jre\bin\zip.dll
0x00007ffb2e8a0000 - 0x00007ffb2fcd6000 	C:\WINDOWS\System32\SHELL32.dll
0x00007ffb2dbe0000 - 0x00007ffb2dc8a000 	C:\WINDOWS\System32\shcore.dll
0x00007ffb2cb90000 - 0x00007ffb2d281000 	C:\WINDOWS\System32\windows.storage.dll
0x00007ffb2d700000 - 0x00007ffb2d751000 	C:\WINDOWS\System32\shlwapi.dll
0x00007ffb2c4a0000 - 0x00007ffb2c4b1000 	C:\WINDOWS\System32\kernel.appcore.dll
0x00007ffb2c4e0000 - 0x00007ffb2c52c000 	C:\WINDOWS\System32\powrprof.dll
0x00007ffb2c530000 - 0x00007ffb2c545000 	C:\WINDOWS\System32\profapi.dll
0x0000000054270000 - 0x000000005428a000 	C:\Program Files\Java\jdk1.8.0_131\jre\bin\net.dll
0x00007ffb2bd50000 - 0x00007ffb2bdac000 	C:\WINDOWS\system32\mswsock.dll
0x0000000054250000 - 0x0000000054261000 	C:\Program Files\Java\jdk1.8.0_131\jre\bin\nio.dll
0x00007ffb1f0e0000 - 0x00007ffb1f106000 	C:\Users\hp\.gradle\native\29\windows-amd64\native-platform.dll
0x0000000054240000 - 0x000000005424d000 	C:\Program Files\Java\jdk1.8.0_131\jre\bin\management.dll
0x00007ffb2bef0000 - 0x00007ffb2bf07000 	C:\WINDOWS\SYSTEM32\CRYPTSP.dll
0x00007ffb2b970000 - 0x00007ffb2b9a4000 	C:\WINDOWS\system32\rsaenh.dll
0x00007ffb2c370000 - 0x00007ffb2c395000 	C:\WINDOWS\SYSTEM32\bcrypt.dll
0x00007ffb2c3d0000 - 0x00007ffb2c3f9000 	C:\WINDOWS\SYSTEM32\USERENV.dll
0x00007ffb2c360000 - 0x00007ffb2c36b000 	C:\WINDOWS\SYSTEM32\CRYPTBASE.dll
0x00007ffb2baf0000 - 0x00007ffb2bb27000 	C:\WINDOWS\SYSTEM32\IPHLPAPI.DLL
0x00007ffb2dad0000 - 0x00007ffb2dad8000 	C:\WINDOWS\System32\NSI.dll
0x00007ffb1ff80000 - 0x00007ffb1ff96000 	C:\WINDOWS\SYSTEM32\dhcpcsvc6.DLL
0x00007ffb20180000 - 0x00007ffb2019a000 	C:\WINDOWS\SYSTEM32\dhcpcsvc.DLL

VM Arguments:
jvm_args: -Xmx1536m -Dfile.encoding=windows-1252 -Duser.country=IN -Duser.language=en -Duser.variant 
java_command: org.gradle.launcher.daemon.bootstrap.GradleDaemon 5.4.1
java_class_path (initial): C:\Users\hp\.gradle\wrapper\dists\gradle-5.4.1-all\3221gyojl5jsh0helicew7rwx\gradle-5.4.1\lib\gradle-launcher-5.4.1.jar
Launcher Type: SUN_STANDARD

Environment Variables:
PATH=";C:\Windows\System32\";C:\Program Files\Git\bin\;C:\Program Files\Git\cmd\;C:\Program Files\dotnet\;C:\Program Files\PuTTY\;C:\Users\hp\AppData\Local\Microsoft\WindowsApps;C:\Windows\System32\;C:\Program Files\Git\cmd;D:\Flutter\fluttersdk\flutter\bin;C:\WINDOWS\System32\WindowsPowerShell\v1.0\;C:\Users\hp\.dotnet\tools;
USERNAME=hp
OS=Windows_NT
PROCESSOR_IDENTIFIER=Intel64 Family 6 Model 78 Stepping 3, GenuineIntel



---------------  S Y S T E M  ---------------

OS: Windows 10.0 , 64 bit Build 15063 (10.0.15063.296)

CPU:total 4 (initial active 4) (2 cores per cpu, 2 threads per core) family 6 model 78 stepping 3, cmov, cx8, fxsr, mmx, sse, sse2, sse3, ssse3, sse4.1, sse4.2, popcnt, avx, avx2, aes, clmul, erms, 3dnowpref, lzcnt, ht, tsc, tscinvbit, bmi1, bmi2, adx

Memory: 4k page, physical 8276996k(1396396k free), swap 19609784k(4284k free)

vm_info: Java HotSpot(TM) 64-Bit Server VM (25.131-b11) for windows-amd64 JRE (1.8.0_131-b11), built on Mar 15 2017 01:23:53 by "java_re" with MS VC++ 10.0 (VS2010)

time: Wed Dec 15 15:23:20 2021
elapsed time: 7 seconds (0d 0h 0m 7s)

